<?xml version="1.0" encoding="UTF-8"?>
<testng-results skipped="0" failed="0" ignored="0" total="1" passed="1">
  <reporter-output>
  </reporter-output>
  <suite name="Default suite" duration-ms="38016" started-at="2019-05-07T07:12:01Z" finished-at="2019-05-07T07:12:39Z">
    <groups>
    </groups>
    <test name="Default test" duration-ms="38016" started-at="2019-05-07T07:12:01Z" finished-at="2019-05-07T07:12:39Z">
      <class name="testcases.VerifyMercuryLogout">
        <test-method status="PASS" signature="setUp()[pri:0, instance:testcases.VerifyMercuryLogout@18067a5]" name="setUp" is-config="true" duration-ms="12834" started-at="2019-05-07T07:12:01Z" finished-at="2019-05-07T07:12:14Z">
          <reporter-output>
          </reporter-output>
        </test-method> <!-- setUp -->
        <test-method status="PASS" signature="VerifyMercuryLogout()[pri:0, instance:testcases.VerifyMercuryLogout@18067a5]" name="VerifyMercuryLogout" duration-ms="24679" started-at="2019-05-07T07:12:14Z" finished-at="2019-05-07T07:12:38Z">
          <reporter-output>
          </reporter-output>
        </test-method> <!-- VerifyMercuryLogout -->
        <test-method status="PASS" signature="afterMethod(org.testng.ITestResult)[pri:0, instance:testcases.VerifyMercuryLogout@18067a5]" name="afterMethod" is-config="true" duration-ms="2" started-at="2019-05-07T07:12:38Z" finished-at="2019-05-07T07:12:38Z">
          <params>
            <param index="0">
              <value>
                <![CDATA[[TestResult name=VerifyMercuryLogout status=SUCCESS method=VerifyMercuryLogout.VerifyMercuryLogout()[pri:0, instance:testcases.VerifyMercuryLogout@18067a5] output={null}]]]>
              </value>
            </param>
          </params>
          <reporter-output>
          </reporter-output>
        </test-method> <!-- afterMethod -->
        <test-method status="PASS" signature="tearDown()[pri:0, instance:testcases.VerifyMercuryLogout@18067a5]" name="tearDown" is-config="true" duration-ms="473" started-at="2019-05-07T07:12:38Z" finished-at="2019-05-07T07:12:39Z">
          <reporter-output>
          </reporter-output>
        </test-method> <!-- tearDown -->
      </class> <!-- testcases.VerifyMercuryLogout -->
    </test> <!-- Default test -->
  </suite> <!-- Default suite -->
</testng-results>
