<?xml version="1.0" encoding="UTF-8"?>
<testng-results skipped="0" failed="0" ignored="0" total="1" passed="1">
  <reporter-output>
  </reporter-output>
  <suite name="Default suite" duration-ms="20097" started-at="2019-05-07T10:35:42Z" finished-at="2019-05-07T10:36:02Z">
    <groups>
    </groups>
    <test name="Default test" duration-ms="20097" started-at="2019-05-07T10:35:42Z" finished-at="2019-05-07T10:36:02Z">
      <class name="testcases.VerifyMercuryLogin">
        <test-method status="PASS" signature="setUp()[pri:0, instance:testcases.VerifyMercuryLogin@18067a5]" name="setUp" is-config="true" duration-ms="10780" started-at="2019-05-07T10:35:42Z" finished-at="2019-05-07T10:35:53Z">
          <reporter-output>
          </reporter-output>
        </test-method> <!-- setUp -->
        <test-method status="PASS" signature="VerifyMercuryLogin()[pri:0, instance:testcases.VerifyMercuryLogin@18067a5]" name="VerifyMercuryLogin" duration-ms="8764" started-at="2019-05-07T10:35:53Z" finished-at="2019-05-07T10:36:01Z">
          <reporter-output>
          </reporter-output>
        </test-method> <!-- VerifyMercuryLogin -->
        <test-method status="PASS" signature="afterMethod(org.testng.ITestResult)[pri:0, instance:testcases.VerifyMercuryLogin@18067a5]" name="afterMethod" is-config="true" duration-ms="3" started-at="2019-05-07T10:36:01Z" finished-at="2019-05-07T10:36:01Z">
          <params>
            <param index="0">
              <value>
                <![CDATA[[TestResult name=VerifyMercuryLogin status=SUCCESS method=VerifyMercuryLogin.VerifyMercuryLogin()[pri:0, instance:testcases.VerifyMercuryLogin@18067a5] output={null}]]]>
              </value>
            </param>
          </params>
          <reporter-output>
          </reporter-output>
        </test-method> <!-- afterMethod -->
        <test-method status="PASS" signature="tearDown()[pri:0, instance:testcases.VerifyMercuryLogin@18067a5]" name="tearDown" is-config="true" duration-ms="504" started-at="2019-05-07T10:36:01Z" finished-at="2019-05-07T10:36:02Z">
          <reporter-output>
          </reporter-output>
        </test-method> <!-- tearDown -->
      </class> <!-- testcases.VerifyMercuryLogin -->
    </test> <!-- Default test -->
  </suite> <!-- Default suite -->
</testng-results>
